TN:
SF:src\app.js
FNF:0
FNH:0
DA:1,1
DA:2,1
DA:3,1
DA:5,1
DA:6,1
DA:7,1
DA:9,1
LF:7
LH:7
BRF:0
BRH:0
end_of_record
TN:
SF:src\controllers\notificationController.js
FN:6,(anonymous_0)
FNF:1
FNH:1
FNDA:3,(anonymous_0)
DA:1,1
DA:6,1
DA:7,3
DA:9,3
DA:10,1
DA:13,2
DA:14,1
DA:15,1
DA:16,1
DA:18,0
DA:20,1
DA:23,1
LF:12
LH:11
BRDA:9,0,0,1
BRDA:9,0,1,2
BRDA:9,1,0,3
BRDA:9,1,1,2
BRDA:9,1,2,2
BRDA:13,2,0,1
BRDA:13,2,1,1
BRDA:15,3,0,1
BRDA:15,3,1,0
BRF:9
BRH:8
end_of_record
TN:
SF:src\routes\notificationRoutes.js
FNF:0
FNH:0
DA:1,1
DA:2,1
DA:3,1
DA:5,1
DA:7,1
LF:5
LH:5
BRF:0
BRH:0
end_of_record
TN:
SF:src\services\slackService.js
FN:6,(anonymous_0)
FNF:1
FNH:1
FNDA:1,(anonymous_0)
DA:1,1
DA:2,1
DA:4,1
DA:6,1
DA:7,1
DA:10,1
DA:11,1
DA:12,0
DA:14,1
DA:15,1
DA:19,1
LF:11
LH:10
BRF:0
BRH:0
end_of_record
